"pkg-config --exists sqlite3"
| pkg-config --libs sqlite3
=> "-L/usr/local/Cellar/sqlite/3.36.0/lib -lsqlite3\n"
"gcc -fdeclspec -o conftest -I/Users/yannakoun/.rvm/rubies/ruby-3.0.0/include/ruby-3.0.0/x86_64-darwin18 -I/Users/yannakoun/.rvm/rubies/ruby-3.0.0/include/ruby-3.0.0/ruby/backward -I/Users/yannakoun/.rvm/rubies/ruby-3.0.0/include/ruby-3.0.0 -I. -D_XOPEN_SOURCE -D_DARWIN_C_SOURCE -D_DARWIN_UNLIMITED_SELECT -D_REENTRANT   -O3 -I/usr/local/opt/libyaml/include -I/usr/local/opt/libksba/include -I/usr/local/opt/readline/include -I/usr/local/opt/zlib/include -I/usr/local/opt/openssl@1.1/include -fno-common -pipe conftest.c  -L. -L/Users/yannakoun/.rvm/rubies/ruby-3.0.0/lib -L. -L/usr/local/opt/libyaml/lib -L/usr/local/opt/libksba/lib -L/usr/local/opt/readline/lib -L/usr/local/opt/zlib/lib -L/usr/local/opt/openssl@1.1/lib -fstack-protector-strong -L/usr/local/lib     -lruby.3.0   "
checked program was:
/* begin */
1: #include "ruby.h"
2: 
3: int main(int argc, char **argv)
4: {
5:   return !!argv[argc];
6: }
/* end */

"gcc -fdeclspec -o conftest -I/Users/yannakoun/.rvm/rubies/ruby-3.0.0/include/ruby-3.0.0/x86_64-darwin18 -I/Users/yannakoun/.rvm/rubies/ruby-3.0.0/include/ruby-3.0.0/ruby/backward -I/Users/yannakoun/.rvm/rubies/ruby-3.0.0/include/ruby-3.0.0 -I. -D_XOPEN_SOURCE -D_DARWIN_C_SOURCE -D_DARWIN_UNLIMITED_SELECT -D_REENTRANT   -O3 -I/usr/local/opt/libyaml/include -I/usr/local/opt/libksba/include -I/usr/local/opt/readline/include -I/usr/local/opt/zlib/include -I/usr/local/opt/openssl@1.1/include -fno-common -pipe conftest.c  -L. -L/Users/yannakoun/.rvm/rubies/ruby-3.0.0/lib -L. -L/usr/local/opt/libyaml/lib -L/usr/local/opt/libksba/lib -L/usr/local/opt/readline/lib -L/usr/local/opt/zlib/lib -L/usr/local/opt/openssl@1.1/lib -fstack-protector-strong -L/usr/local/lib     -lruby.3.0 -L/usr/local/Cellar/sqlite/3.36.0/lib -lsqlite3  "
checked program was:
/* begin */
1: #include "ruby.h"
2: 
3: int main(int argc, char **argv)
4: {
5:   return !!argv[argc];
6: }
/* end */

| pkg-config --cflags-only-I sqlite3
=> "-I/usr/local/Cellar/sqlite/3.36.0/include\n"
| pkg-config --cflags-only-other sqlite3
=> "\n"
| pkg-config --libs-only-l sqlite3
=> "-lsqlite3\n"
package configuration for sqlite3
incflags: -I/usr/local/Cellar/sqlite/3.36.0/include
cflags: 
ldflags: -L/usr/local/Cellar/sqlite/3.36.0/lib
libs: -lsqlite3

find_header: checking for sqlite3.h... -------------------- yes

"gcc -E -I/Users/yannakoun/.rvm/rubies/ruby-3.0.0/include/ruby-3.0.0/x86_64-darwin18 -I/Users/yannakoun/.rvm/rubies/ruby-3.0.0/include/ruby-3.0.0/ruby/backward -I/Users/yannakoun/.rvm/rubies/ruby-3.0.0/include/ruby-3.0.0 -I. -I/usr/local/Cellar/sqlite/3.36.0/include -I/usr/local/opt/sqlite/include -D_XOPEN_SOURCE -D_DARWIN_C_SOURCE -D_DARWIN_UNLIMITED_SELECT -D_REENTRANT   -O3 -I/usr/local/opt/libyaml/include -I/usr/local/opt/libksba/include -I/usr/local/opt/readline/include -I/usr/local/opt/zlib/include -I/usr/local/opt/openssl@1.1/include -fno-common -pipe   conftest.c -o conftest.i"
checked program was:
/* begin */
1: #include "ruby.h"
2: 
3: #include <sqlite3.h>
/* end */

--------------------

find_library: checking for pthread_create() in -lpthread... -------------------- yes

"gcc -fdeclspec -o conftest -I/Users/yannakoun/.rvm/rubies/ruby-3.0.0/include/ruby-3.0.0/x86_64-darwin18 -I/Users/yannakoun/.rvm/rubies/ruby-3.0.0/include/ruby-3.0.0/ruby/backward -I/Users/yannakoun/.rvm/rubies/ruby-3.0.0/include/ruby-3.0.0 -I. -I/usr/local/Cellar/sqlite/3.36.0/include -I/usr/local/opt/sqlite/include -D_XOPEN_SOURCE -D_DARWIN_C_SOURCE -D_DARWIN_UNLIMITED_SELECT -D_REENTRANT   -O3 -I/usr/local/opt/libyaml/include -I/usr/local/opt/libksba/include -I/usr/local/opt/readline/include -I/usr/local/opt/zlib/include -I/usr/local/opt/openssl@1.1/include -fno-common -pipe  conftest.c  -L. -L/Users/yannakoun/.rvm/rubies/ruby-3.0.0/lib -L/usr/local/opt/sqlite/lib -L. -L/usr/local/opt/libyaml/lib -L/usr/local/opt/libksba/lib -L/usr/local/opt/readline/lib -L/usr/local/opt/zlib/lib -L/usr/local/opt/openssl@1.1/lib -fstack-protector-strong -L/usr/local/lib -L/usr/local/Cellar/sqlite/3.36.0/lib     -lsqlite3 -lruby.3.0 -lpthread  -lsqlite3  "
conftest.c:14:57: error: use of undeclared identifier 'pthread_create'
int t(void) { void ((*volatile p)()); p = (void ((*)()))pthread_create; return !p; }
                                                        ^
1 error generated.
checked program was:
/* begin */
 1: #include "ruby.h"
 2: 
 3: /*top*/
 4: extern int t(void);
 5: int main(int argc, char **argv)
 6: {
 7:   if (argc > 1000000) {
 8:     int (* volatile tp)(void)=(int (*)(void))&t;
 9:     printf("%d", (*tp)());
10:   }
11: 
12:   return !!argv[argc];
13: }
14: int t(void) { void ((*volatile p)()); p = (void ((*)()))pthread_create; return !p; }
/* end */

"gcc -fdeclspec -o conftest -I/Users/yannakoun/.rvm/rubies/ruby-3.0.0/include/ruby-3.0.0/x86_64-darwin18 -I/Users/yannakoun/.rvm/rubies/ruby-3.0.0/include/ruby-3.0.0/ruby/backward -I/Users/yannakoun/.rvm/rubies/ruby-3.0.0/include/ruby-3.0.0 -I. -I/usr/local/Cellar/sqlite/3.36.0/include -I/usr/local/opt/sqlite/include -D_XOPEN_SOURCE -D_DARWIN_C_SOURCE -D_DARWIN_UNLIMITED_SELECT -D_REENTRANT   -O3 -I/usr/local/opt/libyaml/include -I/usr/local/opt/libksba/include -I/usr/local/opt/readline/include -I/usr/local/opt/zlib/include -I/usr/local/opt/openssl@1.1/include -fno-common -pipe  conftest.c  -L. -L/Users/yannakoun/.rvm/rubies/ruby-3.0.0/lib -L/usr/local/opt/sqlite/lib -L. -L/usr/local/opt/libyaml/lib -L/usr/local/opt/libksba/lib -L/usr/local/opt/readline/lib -L/usr/local/opt/zlib/lib -L/usr/local/opt/openssl@1.1/lib -fstack-protector-strong -L/usr/local/lib -L/usr/local/Cellar/sqlite/3.36.0/lib     -lsqlite3 -lruby.3.0 -lpthread  -lsqlite3  "
checked program was:
/* begin */
 1: #include "ruby.h"
 2: 
 3: /*top*/
 4: extern int t(void);
 5: int main(int argc, char **argv)
 6: {
 7:   if (argc > 1000000) {
 8:     int (* volatile tp)(void)=(int (*)(void))&t;
 9:     printf("%d", (*tp)());
10:   }
11: 
12:   return !!argv[argc];
13: }
14: extern void pthread_create();
15: int t(void) { pthread_create(); return 0; }
/* end */

--------------------

have_library: checking for -ldl... -------------------- yes

"gcc -fdeclspec -o conftest -I/Users/yannakoun/.rvm/rubies/ruby-3.0.0/include/ruby-3.0.0/x86_64-darwin18 -I/Users/yannakoun/.rvm/rubies/ruby-3.0.0/include/ruby-3.0.0/ruby/backward -I/Users/yannakoun/.rvm/rubies/ruby-3.0.0/include/ruby-3.0.0 -I. -I/usr/local/Cellar/sqlite/3.36.0/include -I/usr/local/opt/sqlite/include -D_XOPEN_SOURCE -D_DARWIN_C_SOURCE -D_DARWIN_UNLIMITED_SELECT -D_REENTRANT   -O3 -I/usr/local/opt/libyaml/include -I/usr/local/opt/libksba/include -I/usr/local/opt/readline/include -I/usr/local/opt/zlib/include -I/usr/local/opt/openssl@1.1/include -fno-common -pipe  conftest.c  -L. -L/Users/yannakoun/.rvm/rubies/ruby-3.0.0/lib -L/usr/local/opt/sqlite/lib -L. -L/usr/local/opt/libyaml/lib -L/usr/local/opt/libksba/lib -L/usr/local/opt/readline/lib -L/usr/local/opt/zlib/lib -L/usr/local/opt/openssl@1.1/lib -fstack-protector-strong -L/usr/local/lib -L/usr/local/Cellar/sqlite/3.36.0/lib    -lpthread  -lsqlite3 -lruby.3.0 -ldl -lpthread  -lsqlite3  "
checked program was:
/* begin */
 1: #include "ruby.h"
 2: 
 3: /*top*/
 4: extern int t(void);
 5: int main(int argc, char **argv)
 6: {
 7:   if (argc > 1000000) {
 8:     int (* volatile tp)(void)=(int (*)(void))&t;
 9:     printf("%d", (*tp)());
10:   }
11: 
12:   return !!argv[argc];
13: }
14: 
15: int t(void) { ; return 0; }
/* end */

--------------------

find_library: checking for sqlite3_libversion_number() in -lsqlite3... -------------------- yes

"gcc -fdeclspec -o conftest -I/Users/yannakoun/.rvm/rubies/ruby-3.0.0/include/ruby-3.0.0/x86_64-darwin18 -I/Users/yannakoun/.rvm/rubies/ruby-3.0.0/include/ruby-3.0.0/ruby/backward -I/Users/yannakoun/.rvm/rubies/ruby-3.0.0/include/ruby-3.0.0 -I. -I/usr/local/Cellar/sqlite/3.36.0/include -I/usr/local/opt/sqlite/include -D_XOPEN_SOURCE -D_DARWIN_C_SOURCE -D_DARWIN_UNLIMITED_SELECT -D_REENTRANT   -O3 -I/usr/local/opt/libyaml/include -I/usr/local/opt/libksba/include -I/usr/local/opt/readline/include -I/usr/local/opt/zlib/include -I/usr/local/opt/openssl@1.1/include -fno-common -pipe  conftest.c  -L. -L/Users/yannakoun/.rvm/rubies/ruby-3.0.0/lib -L/usr/local/opt/sqlite/lib -L. -L/usr/local/opt/libyaml/lib -L/usr/local/opt/libksba/lib -L/usr/local/opt/readline/lib -L/usr/local/opt/zlib/lib -L/usr/local/opt/openssl@1.1/lib -fstack-protector-strong -L/usr/local/lib -L/usr/local/Cellar/sqlite/3.36.0/lib    -ldl -lpthread  -lsqlite3 -lruby.3.0 -lsqlite3 -ldl -lpthread  -lsqlite3  "
conftest.c:14:57: error: use of undeclared identifier 'sqlite3_libversion_number'
int t(void) { void ((*volatile p)()); p = (void ((*)()))sqlite3_libversion_number; return !p; }
                                                        ^
1 error generated.
checked program was:
/* begin */
 1: #include "ruby.h"
 2: 
 3: /*top*/
 4: extern int t(void);
 5: int main(int argc, char **argv)
 6: {
 7:   if (argc > 1000000) {
 8:     int (* volatile tp)(void)=(int (*)(void))&t;
 9:     printf("%d", (*tp)());
10:   }
11: 
12:   return !!argv[argc];
13: }
14: int t(void) { void ((*volatile p)()); p = (void ((*)()))sqlite3_libversion_number; return !p; }
/* end */

"gcc -fdeclspec -o conftest -I/Users/yannakoun/.rvm/rubies/ruby-3.0.0/include/ruby-3.0.0/x86_64-darwin18 -I/Users/yannakoun/.rvm/rubies/ruby-3.0.0/include/ruby-3.0.0/ruby/backward -I/Users/yannakoun/.rvm/rubies/ruby-3.0.0/include/ruby-3.0.0 -I. -I/usr/local/Cellar/sqlite/3.36.0/include -I/usr/local/opt/sqlite/include -D_XOPEN_SOURCE -D_DARWIN_C_SOURCE -D_DARWIN_UNLIMITED_SELECT -D_REENTRANT   -O3 -I/usr/local/opt/libyaml/include -I/usr/local/opt/libksba/include -I/usr/local/opt/readline/include -I/usr/local/opt/zlib/include -I/usr/local/opt/openssl@1.1/include -fno-common -pipe  conftest.c  -L. -L/Users/yannakoun/.rvm/rubies/ruby-3.0.0/lib -L/usr/local/opt/sqlite/lib -L. -L/usr/local/opt/libyaml/lib -L/usr/local/opt/libksba/lib -L/usr/local/opt/readline/lib -L/usr/local/opt/zlib/lib -L/usr/local/opt/openssl@1.1/lib -fstack-protector-strong -L/usr/local/lib -L/usr/local/Cellar/sqlite/3.36.0/lib    -ldl -lpthread  -lsqlite3 -lruby.3.0 -lsqlite3 -ldl -lpthread  -lsqlite3  "
checked program was:
/* begin */
 1: #include "ruby.h"
 2: 
 3: /*top*/
 4: extern int t(void);
 5: int main(int argc, char **argv)
 6: {
 7:   if (argc > 1000000) {
 8:     int (* volatile tp)(void)=(int (*)(void))&t;
 9:     printf("%d", (*tp)());
10:   }
11: 
12:   return !!argv[argc];
13: }
14: extern void sqlite3_libversion_number();
15: int t(void) { sqlite3_libversion_number(); return 0; }
/* end */

--------------------

have_func: checking for rb_proc_arity()... -------------------- yes

"gcc -fdeclspec -o conftest -I/Users/yannakoun/.rvm/rubies/ruby-3.0.0/include/ruby-3.0.0/x86_64-darwin18 -I/Users/yannakoun/.rvm/rubies/ruby-3.0.0/include/ruby-3.0.0/ruby/backward -I/Users/yannakoun/.rvm/rubies/ruby-3.0.0/include/ruby-3.0.0 -I. -I/usr/local/Cellar/sqlite/3.36.0/include -I/usr/local/opt/sqlite/include -D_XOPEN_SOURCE -D_DARWIN_C_SOURCE -D_DARWIN_UNLIMITED_SELECT -D_REENTRANT   -O3 -I/usr/local/opt/libyaml/include -I/usr/local/opt/libksba/include -I/usr/local/opt/readline/include -I/usr/local/opt/zlib/include -I/usr/local/opt/openssl@1.1/include -fno-common -pipe  conftest.c  -L. -L/Users/yannakoun/.rvm/rubies/ruby-3.0.0/lib -L/usr/local/opt/sqlite/lib -L. -L/usr/local/opt/libyaml/lib -L/usr/local/opt/libksba/lib -L/usr/local/opt/readline/lib -L/usr/local/opt/zlib/lib -L/usr/local/opt/openssl@1.1/lib -fstack-protector-strong -L/usr/local/lib -L/usr/local/Cellar/sqlite/3.36.0/lib    -lsqlite3 -ldl -lpthread  -lsqlite3 -lruby.3.0 -lsqlite3 -ldl -lpthread  -lsqlite3  "
checked program was:
/* begin */
 1: #include "ruby.h"
 2: 
 3: /*top*/
 4: extern int t(void);
 5: int main(int argc, char **argv)
 6: {
 7:   if (argc > 1000000) {
 8:     int (* volatile tp)(void)=(int (*)(void))&t;
 9:     printf("%d", (*tp)());
10:   }
11: 
12:   return !!argv[argc];
13: }
14: int t(void) { void ((*volatile p)()); p = (void ((*)()))rb_proc_arity; return !p; }
/* end */

--------------------

have_func: checking for rb_integer_pack()... -------------------- yes

"gcc -fdeclspec -o conftest -I/Users/yannakoun/.rvm/rubies/ruby-3.0.0/include/ruby-3.0.0/x86_64-darwin18 -I/Users/yannakoun/.rvm/rubies/ruby-3.0.0/include/ruby-3.0.0/ruby/backward -I/Users/yannakoun/.rvm/rubies/ruby-3.0.0/include/ruby-3.0.0 -I. -I/usr/local/Cellar/sqlite/3.36.0/include -I/usr/local/opt/sqlite/include -D_XOPEN_SOURCE -D_DARWIN_C_SOURCE -D_DARWIN_UNLIMITED_SELECT -D_REENTRANT   -O3 -I/usr/local/opt/libyaml/include -I/usr/local/opt/libksba/include -I/usr/local/opt/readline/include -I/usr/local/opt/zlib/include -I/usr/local/opt/openssl@1.1/include -fno-common -pipe  conftest.c  -L. -L/Users/yannakoun/.rvm/rubies/ruby-3.0.0/lib -L/usr/local/opt/sqlite/lib -L. -L/usr/local/opt/libyaml/lib -L/usr/local/opt/libksba/lib -L/usr/local/opt/readline/lib -L/usr/local/opt/zlib/lib -L/usr/local/opt/openssl@1.1/lib -fstack-protector-strong -L/usr/local/lib -L/usr/local/Cellar/sqlite/3.36.0/lib    -lsqlite3 -ldl -lpthread  -lsqlite3 -lruby.3.0 -lsqlite3 -ldl -lpthread  -lsqlite3  "
checked program was:
/* begin */
 1: #include "ruby.h"
 2: 
 3: /*top*/
 4: extern int t(void);
 5: int main(int argc, char **argv)
 6: {
 7:   if (argc > 1000000) {
 8:     int (* volatile tp)(void)=(int (*)(void))&t;
 9:     printf("%d", (*tp)());
10:   }
11: 
12:   return !!argv[argc];
13: }
14: int t(void) { void ((*volatile p)()); p = (void ((*)()))rb_integer_pack; return !p; }
/* end */

--------------------

have_func: checking for sqlite3_initialize()... -------------------- yes

"gcc -fdeclspec -o conftest -I/Users/yannakoun/.rvm/rubies/ruby-3.0.0/include/ruby-3.0.0/x86_64-darwin18 -I/Users/yannakoun/.rvm/rubies/ruby-3.0.0/include/ruby-3.0.0/ruby/backward -I/Users/yannakoun/.rvm/rubies/ruby-3.0.0/include/ruby-3.0.0 -I. -I/usr/local/Cellar/sqlite/3.36.0/include -I/usr/local/opt/sqlite/include -D_XOPEN_SOURCE -D_DARWIN_C_SOURCE -D_DARWIN_UNLIMITED_SELECT -D_REENTRANT   -O3 -I/usr/local/opt/libyaml/include -I/usr/local/opt/libksba/include -I/usr/local/opt/readline/include -I/usr/local/opt/zlib/include -I/usr/local/opt/openssl@1.1/include -fno-common -pipe  conftest.c  -L. -L/Users/yannakoun/.rvm/rubies/ruby-3.0.0/lib -L/usr/local/opt/sqlite/lib -L. -L/usr/local/opt/libyaml/lib -L/usr/local/opt/libksba/lib -L/usr/local/opt/readline/lib -L/usr/local/opt/zlib/lib -L/usr/local/opt/openssl@1.1/lib -fstack-protector-strong -L/usr/local/lib -L/usr/local/Cellar/sqlite/3.36.0/lib    -lsqlite3 -ldl -lpthread  -lsqlite3 -lruby.3.0 -lsqlite3 -ldl -lpthread  -lsqlite3  "
conftest.c:14:57: error: use of undeclared identifier 'sqlite3_initialize'
int t(void) { void ((*volatile p)()); p = (void ((*)()))sqlite3_initialize; return !p; }
                                                        ^
1 error generated.
checked program was:
/* begin */
 1: #include "ruby.h"
 2: 
 3: /*top*/
 4: extern int t(void);
 5: int main(int argc, char **argv)
 6: {
 7:   if (argc > 1000000) {
 8:     int (* volatile tp)(void)=(int (*)(void))&t;
 9:     printf("%d", (*tp)());
10:   }
11: 
12:   return !!argv[argc];
13: }
14: int t(void) { void ((*volatile p)()); p = (void ((*)()))sqlite3_initialize; return !p; }
/* end */

"gcc -fdeclspec -o conftest -I/Users/yannakoun/.rvm/rubies/ruby-3.0.0/include/ruby-3.0.0/x86_64-darwin18 -I/Users/yannakoun/.rvm/rubies/ruby-3.0.0/include/ruby-3.0.0/ruby/backward -I/Users/yannakoun/.rvm/rubies/ruby-3.0.0/include/ruby-3.0.0 -I. -I/usr/local/Cellar/sqlite/3.36.0/include -I/usr/local/opt/sqlite/include -D_XOPEN_SOURCE -D_DARWIN_C_SOURCE -D_DARWIN_UNLIMITED_SELECT -D_REENTRANT   -O3 -I/usr/local/opt/libyaml/include -I/usr/local/opt/libksba/include -I/usr/local/opt/readline/include -I/usr/local/opt/zlib/include -I/usr/local/opt/openssl@1.1/include -fno-common -pipe  conftest.c  -L. -L/Users/yannakoun/.rvm/rubies/ruby-3.0.0/lib -L/usr/local/opt/sqlite/lib -L. -L/usr/local/opt/libyaml/lib -L/usr/local/opt/libksba/lib -L/usr/local/opt/readline/lib -L/usr/local/opt/zlib/lib -L/usr/local/opt/openssl@1.1/lib -fstack-protector-strong -L/usr/local/lib -L/usr/local/Cellar/sqlite/3.36.0/lib    -lsqlite3 -ldl -lpthread  -lsqlite3 -lruby.3.0 -lsqlite3 -ldl -lpthread  -lsqlite3  "
checked program was:
/* begin */
 1: #include "ruby.h"
 2: 
 3: /*top*/
 4: extern int t(void);
 5: int main(int argc, char **argv)
 6: {
 7:   if (argc > 1000000) {
 8:     int (* volatile tp)(void)=(int (*)(void))&t;
 9:     printf("%d", (*tp)());
10:   }
11: 
12:   return !!argv[argc];
13: }
14: extern void sqlite3_initialize();
15: int t(void) { sqlite3_initialize(); return 0; }
/* end */

--------------------

have_func: checking for sqlite3_backup_init()... -------------------- yes

"gcc -fdeclspec -o conftest -I/Users/yannakoun/.rvm/rubies/ruby-3.0.0/include/ruby-3.0.0/x86_64-darwin18 -I/Users/yannakoun/.rvm/rubies/ruby-3.0.0/include/ruby-3.0.0/ruby/backward -I/Users/yannakoun/.rvm/rubies/ruby-3.0.0/include/ruby-3.0.0 -I. -I/usr/local/Cellar/sqlite/3.36.0/include -I/usr/local/opt/sqlite/include -D_XOPEN_SOURCE -D_DARWIN_C_SOURCE -D_DARWIN_UNLIMITED_SELECT -D_REENTRANT   -O3 -I/usr/local/opt/libyaml/include -I/usr/local/opt/libksba/include -I/usr/local/opt/readline/include -I/usr/local/opt/zlib/include -I/usr/local/opt/openssl@1.1/include -fno-common -pipe  conftest.c  -L. -L/Users/yannakoun/.rvm/rubies/ruby-3.0.0/lib -L/usr/local/opt/sqlite/lib -L. -L/usr/local/opt/libyaml/lib -L/usr/local/opt/libksba/lib -L/usr/local/opt/readline/lib -L/usr/local/opt/zlib/lib -L/usr/local/opt/openssl@1.1/lib -fstack-protector-strong -L/usr/local/lib -L/usr/local/Cellar/sqlite/3.36.0/lib    -lsqlite3 -ldl -lpthread  -lsqlite3 -lruby.3.0 -lsqlite3 -ldl -lpthread  -lsqlite3  "
conftest.c:14:57: error: use of undeclared identifier 'sqlite3_backup_init'
int t(void) { void ((*volatile p)()); p = (void ((*)()))sqlite3_backup_init; return !p; }
                                                        ^
1 error generated.
checked program was:
/* begin */
 1: #include "ruby.h"
 2: 
 3: /*top*/
 4: extern int t(void);
 5: int main(int argc, char **argv)
 6: {
 7:   if (argc > 1000000) {
 8:     int (* volatile tp)(void)=(int (*)(void))&t;
 9:     printf("%d", (*tp)());
10:   }
11: 
12:   return !!argv[argc];
13: }
14: int t(void) { void ((*volatile p)()); p = (void ((*)()))sqlite3_backup_init; return !p; }
/* end */

"gcc -fdeclspec -o conftest -I/Users/yannakoun/.rvm/rubies/ruby-3.0.0/include/ruby-3.0.0/x86_64-darwin18 -I/Users/yannakoun/.rvm/rubies/ruby-3.0.0/include/ruby-3.0.0/ruby/backward -I/Users/yannakoun/.rvm/rubies/ruby-3.0.0/include/ruby-3.0.0 -I. -I/usr/local/Cellar/sqlite/3.36.0/include -I/usr/local/opt/sqlite/include -D_XOPEN_SOURCE -D_DARWIN_C_SOURCE -D_DARWIN_UNLIMITED_SELECT -D_REENTRANT   -O3 -I/usr/local/opt/libyaml/include -I/usr/local/opt/libksba/include -I/usr/local/opt/readline/include -I/usr/local/opt/zlib/include -I/usr/local/opt/openssl@1.1/include -fno-common -pipe  conftest.c  -L. -L/Users/yannakoun/.rvm/rubies/ruby-3.0.0/lib -L/usr/local/opt/sqlite/lib -L. -L/usr/local/opt/libyaml/lib -L/usr/local/opt/libksba/lib -L/usr/local/opt/readline/lib -L/usr/local/opt/zlib/lib -L/usr/local/opt/openssl@1.1/lib -fstack-protector-strong -L/usr/local/lib -L/usr/local/Cellar/sqlite/3.36.0/lib    -lsqlite3 -ldl -lpthread  -lsqlite3 -lruby.3.0 -lsqlite3 -ldl -lpthread  -lsqlite3  "
checked program was:
/* begin */
 1: #include "ruby.h"
 2: 
 3: /*top*/
 4: extern int t(void);
 5: int main(int argc, char **argv)
 6: {
 7:   if (argc > 1000000) {
 8:     int (* volatile tp)(void)=(int (*)(void))&t;
 9:     printf("%d", (*tp)());
10:   }
11: 
12:   return !!argv[argc];
13: }
14: extern void sqlite3_backup_init();
15: int t(void) { sqlite3_backup_init(); return 0; }
/* end */

--------------------

have_func: checking for sqlite3_column_database_name()... -------------------- yes

"gcc -fdeclspec -o conftest -I/Users/yannakoun/.rvm/rubies/ruby-3.0.0/include/ruby-3.0.0/x86_64-darwin18 -I/Users/yannakoun/.rvm/rubies/ruby-3.0.0/include/ruby-3.0.0/ruby/backward -I/Users/yannakoun/.rvm/rubies/ruby-3.0.0/include/ruby-3.0.0 -I. -I/usr/local/Cellar/sqlite/3.36.0/include -I/usr/local/opt/sqlite/include -D_XOPEN_SOURCE -D_DARWIN_C_SOURCE -D_DARWIN_UNLIMITED_SELECT -D_REENTRANT   -O3 -I/usr/local/opt/libyaml/include -I/usr/local/opt/libksba/include -I/usr/local/opt/readline/include -I/usr/local/opt/zlib/include -I/usr/local/opt/openssl@1.1/include -fno-common -pipe  conftest.c  -L. -L/Users/yannakoun/.rvm/rubies/ruby-3.0.0/lib -L/usr/local/opt/sqlite/lib -L. -L/usr/local/opt/libyaml/lib -L/usr/local/opt/libksba/lib -L/usr/local/opt/readline/lib -L/usr/local/opt/zlib/lib -L/usr/local/opt/openssl@1.1/lib -fstack-protector-strong -L/usr/local/lib -L/usr/local/Cellar/sqlite/3.36.0/lib    -lsqlite3 -ldl -lpthread  -lsqlite3 -lruby.3.0 -lsqlite3 -ldl -lpthread  -lsqlite3  "
conftest.c:14:57: error: use of undeclared identifier 'sqlite3_column_database_name'
int t(void) { void ((*volatile p)()); p = (void ((*)()))sqlite3_column_database_name; return !p; }
                                                        ^
1 error generated.
checked program was:
/* begin */
 1: #include "ruby.h"
 2: 
 3: /*top*/
 4: extern int t(void);
 5: int main(int argc, char **argv)
 6: {
 7:   if (argc > 1000000) {
 8:     int (* volatile tp)(void)=(int (*)(void))&t;
 9:     printf("%d", (*tp)());
10:   }
11: 
12:   return !!argv[argc];
13: }
14: int t(void) { void ((*volatile p)()); p = (void ((*)()))sqlite3_column_database_name; return !p; }
/* end */

"gcc -fdeclspec -o conftest -I/Users/yannakoun/.rvm/rubies/ruby-3.0.0/include/ruby-3.0.0/x86_64-darwin18 -I/Users/yannakoun/.rvm/rubies/ruby-3.0.0/include/ruby-3.0.0/ruby/backward -I/Users/yannakoun/.rvm/rubies/ruby-3.0.0/include/ruby-3.0.0 -I. -I/usr/local/Cellar/sqlite/3.36.0/include -I/usr/local/opt/sqlite/include -D_XOPEN_SOURCE -D_DARWIN_C_SOURCE -D_DARWIN_UNLIMITED_SELECT -D_REENTRANT   -O3 -I/usr/local/opt/libyaml/include -I/usr/local/opt/libksba/include -I/usr/local/opt/readline/include -I/usr/local/opt/zlib/include -I/usr/local/opt/openssl@1.1/include -fno-common -pipe  conftest.c  -L. -L/Users/yannakoun/.rvm/rubies/ruby-3.0.0/lib -L/usr/local/opt/sqlite/lib -L. -L/usr/local/opt/libyaml/lib -L/usr/local/opt/libksba/lib -L/usr/local/opt/readline/lib -L/usr/local/opt/zlib/lib -L/usr/local/opt/openssl@1.1/lib -fstack-protector-strong -L/usr/local/lib -L/usr/local/Cellar/sqlite/3.36.0/lib    -lsqlite3 -ldl -lpthread  -lsqlite3 -lruby.3.0 -lsqlite3 -ldl -lpthread  -lsqlite3  "
checked program was:
/* begin */
 1: #include "ruby.h"
 2: 
 3: /*top*/
 4: extern int t(void);
 5: int main(int argc, char **argv)
 6: {
 7:   if (argc > 1000000) {
 8:     int (* volatile tp)(void)=(int (*)(void))&t;
 9:     printf("%d", (*tp)());
10:   }
11: 
12:   return !!argv[argc];
13: }
14: extern void sqlite3_column_database_name();
15: int t(void) { sqlite3_column_database_name(); return 0; }
/* end */

--------------------

have_func: checking for sqlite3_enable_load_extension()... -------------------- yes

"gcc -fdeclspec -o conftest -I/Users/yannakoun/.rvm/rubies/ruby-3.0.0/include/ruby-3.0.0/x86_64-darwin18 -I/Users/yannakoun/.rvm/rubies/ruby-3.0.0/include/ruby-3.0.0/ruby/backward -I/Users/yannakoun/.rvm/rubies/ruby-3.0.0/include/ruby-3.0.0 -I. -I/usr/local/Cellar/sqlite/3.36.0/include -I/usr/local/opt/sqlite/include -D_XOPEN_SOURCE -D_DARWIN_C_SOURCE -D_DARWIN_UNLIMITED_SELECT -D_REENTRANT   -O3 -I/usr/local/opt/libyaml/include -I/usr/local/opt/libksba/include -I/usr/local/opt/readline/include -I/usr/local/opt/zlib/include -I/usr/local/opt/openssl@1.1/include -fno-common -pipe  conftest.c  -L. -L/Users/yannakoun/.rvm/rubies/ruby-3.0.0/lib -L/usr/local/opt/sqlite/lib -L. -L/usr/local/opt/libyaml/lib -L/usr/local/opt/libksba/lib -L/usr/local/opt/readline/lib -L/usr/local/opt/zlib/lib -L/usr/local/opt/openssl@1.1/lib -fstack-protector-strong -L/usr/local/lib -L/usr/local/Cellar/sqlite/3.36.0/lib    -lsqlite3 -ldl -lpthread  -lsqlite3 -lruby.3.0 -lsqlite3 -ldl -lpthread  -lsqlite3  "
conftest.c:14:57: error: use of undeclared identifier 'sqlite3_enable_load_extension'
int t(void) { void ((*volatile p)()); p = (void ((*)()))sqlite3_enable_load_extension; return !p; }
                                                        ^
1 error generated.
checked program was:
/* begin */
 1: #include "ruby.h"
 2: 
 3: /*top*/
 4: extern int t(void);
 5: int main(int argc, char **argv)
 6: {
 7:   if (argc > 1000000) {
 8:     int (* volatile tp)(void)=(int (*)(void))&t;
 9:     printf("%d", (*tp)());
10:   }
11: 
12:   return !!argv[argc];
13: }
14: int t(void) { void ((*volatile p)()); p = (void ((*)()))sqlite3_enable_load_extension; return !p; }
/* end */

"gcc -fdeclspec -o conftest -I/Users/yannakoun/.rvm/rubies/ruby-3.0.0/include/ruby-3.0.0/x86_64-darwin18 -I/Users/yannakoun/.rvm/rubies/ruby-3.0.0/include/ruby-3.0.0/ruby/backward -I/Users/yannakoun/.rvm/rubies/ruby-3.0.0/include/ruby-3.0.0 -I. -I/usr/local/Cellar/sqlite/3.36.0/include -I/usr/local/opt/sqlite/include -D_XOPEN_SOURCE -D_DARWIN_C_SOURCE -D_DARWIN_UNLIMITED_SELECT -D_REENTRANT   -O3 -I/usr/local/opt/libyaml/include -I/usr/local/opt/libksba/include -I/usr/local/opt/readline/include -I/usr/local/opt/zlib/include -I/usr/local/opt/openssl@1.1/include -fno-common -pipe  conftest.c  -L. -L/Users/yannakoun/.rvm/rubies/ruby-3.0.0/lib -L/usr/local/opt/sqlite/lib -L. -L/usr/local/opt/libyaml/lib -L/usr/local/opt/libksba/lib -L/usr/local/opt/readline/lib -L/usr/local/opt/zlib/lib -L/usr/local/opt/openssl@1.1/lib -fstack-protector-strong -L/usr/local/lib -L/usr/local/Cellar/sqlite/3.36.0/lib    -lsqlite3 -ldl -lpthread  -lsqlite3 -lruby.3.0 -lsqlite3 -ldl -lpthread  -lsqlite3  "
checked program was:
/* begin */
 1: #include "ruby.h"
 2: 
 3: /*top*/
 4: extern int t(void);
 5: int main(int argc, char **argv)
 6: {
 7:   if (argc > 1000000) {
 8:     int (* volatile tp)(void)=(int (*)(void))&t;
 9:     printf("%d", (*tp)());
10:   }
11: 
12:   return !!argv[argc];
13: }
14: extern void sqlite3_enable_load_extension();
15: int t(void) { sqlite3_enable_load_extension(); return 0; }
/* end */

--------------------

have_func: checking for sqlite3_load_extension()... -------------------- yes

"gcc -fdeclspec -o conftest -I/Users/yannakoun/.rvm/rubies/ruby-3.0.0/include/ruby-3.0.0/x86_64-darwin18 -I/Users/yannakoun/.rvm/rubies/ruby-3.0.0/include/ruby-3.0.0/ruby/backward -I/Users/yannakoun/.rvm/rubies/ruby-3.0.0/include/ruby-3.0.0 -I. -I/usr/local/Cellar/sqlite/3.36.0/include -I/usr/local/opt/sqlite/include -D_XOPEN_SOURCE -D_DARWIN_C_SOURCE -D_DARWIN_UNLIMITED_SELECT -D_REENTRANT   -O3 -I/usr/local/opt/libyaml/include -I/usr/local/opt/libksba/include -I/usr/local/opt/readline/include -I/usr/local/opt/zlib/include -I/usr/local/opt/openssl@1.1/include -fno-common -pipe  conftest.c  -L. -L/Users/yannakoun/.rvm/rubies/ruby-3.0.0/lib -L/usr/local/opt/sqlite/lib -L. -L/usr/local/opt/libyaml/lib -L/usr/local/opt/libksba/lib -L/usr/local/opt/readline/lib -L/usr/local/opt/zlib/lib -L/usr/local/opt/openssl@1.1/lib -fstack-protector-strong -L/usr/local/lib -L/usr/local/Cellar/sqlite/3.36.0/lib    -lsqlite3 -ldl -lpthread  -lsqlite3 -lruby.3.0 -lsqlite3 -ldl -lpthread  -lsqlite3  "
conftest.c:14:57: error: use of undeclared identifier 'sqlite3_load_extension'
int t(void) { void ((*volatile p)()); p = (void ((*)()))sqlite3_load_extension; return !p; }
                                                        ^
1 error generated.
checked program was:
/* begin */
 1: #include "ruby.h"
 2: 
 3: /*top*/
 4: extern int t(void);
 5: int main(int argc, char **argv)
 6: {
 7:   if (argc > 1000000) {
 8:     int (* volatile tp)(void)=(int (*)(void))&t;
 9:     printf("%d", (*tp)());
10:   }
11: 
12:   return !!argv[argc];
13: }
14: int t(void) { void ((*volatile p)()); p = (void ((*)()))sqlite3_load_extension; return !p; }
/* end */

"gcc -fdeclspec -o conftest -I/Users/yannakoun/.rvm/rubies/ruby-3.0.0/include/ruby-3.0.0/x86_64-darwin18 -I/Users/yannakoun/.rvm/rubies/ruby-3.0.0/include/ruby-3.0.0/ruby/backward -I/Users/yannakoun/.rvm/rubies/ruby-3.0.0/include/ruby-3.0.0 -I. -I/usr/local/Cellar/sqlite/3.36.0/include -I/usr/local/opt/sqlite/include -D_XOPEN_SOURCE -D_DARWIN_C_SOURCE -D_DARWIN_UNLIMITED_SELECT -D_REENTRANT   -O3 -I/usr/local/opt/libyaml/include -I/usr/local/opt/libksba/include -I/usr/local/opt/readline/include -I/usr/local/opt/zlib/include -I/usr/local/opt/openssl@1.1/include -fno-common -pipe  conftest.c  -L. -L/Users/yannakoun/.rvm/rubies/ruby-3.0.0/lib -L/usr/local/opt/sqlite/lib -L. -L/usr/local/opt/libyaml/lib -L/usr/local/opt/libksba/lib -L/usr/local/opt/readline/lib -L/usr/local/opt/zlib/lib -L/usr/local/opt/openssl@1.1/lib -fstack-protector-strong -L/usr/local/lib -L/usr/local/Cellar/sqlite/3.36.0/lib    -lsqlite3 -ldl -lpthread  -lsqlite3 -lruby.3.0 -lsqlite3 -ldl -lpthread  -lsqlite3  "
checked program was:
/* begin */
 1: #include "ruby.h"
 2: 
 3: /*top*/
 4: extern int t(void);
 5: int main(int argc, char **argv)
 6: {
 7:   if (argc > 1000000) {
 8:     int (* volatile tp)(void)=(int (*)(void))&t;
 9:     printf("%d", (*tp)());
10:   }
11: 
12:   return !!argv[argc];
13: }
14: extern void sqlite3_load_extension();
15: int t(void) { sqlite3_load_extension(); return 0; }
/* end */

--------------------

have_func: checking for sqlite3_open_v2()... -------------------- yes

"gcc -fdeclspec -o conftest -I/Users/yannakoun/.rvm/rubies/ruby-3.0.0/include/ruby-3.0.0/x86_64-darwin18 -I/Users/yannakoun/.rvm/rubies/ruby-3.0.0/include/ruby-3.0.0/ruby/backward -I/Users/yannakoun/.rvm/rubies/ruby-3.0.0/include/ruby-3.0.0 -I. -I/usr/local/Cellar/sqlite/3.36.0/include -I/usr/local/opt/sqlite/include -D_XOPEN_SOURCE -D_DARWIN_C_SOURCE -D_DARWIN_UNLIMITED_SELECT -D_REENTRANT   -O3 -I/usr/local/opt/libyaml/include -I/usr/local/opt/libksba/include -I/usr/local/opt/readline/include -I/usr/local/opt/zlib/include -I/usr/local/opt/openssl@1.1/include -fno-common -pipe  conftest.c  -L. -L/Users/yannakoun/.rvm/rubies/ruby-3.0.0/lib -L/usr/local/opt/sqlite/lib -L. -L/usr/local/opt/libyaml/lib -L/usr/local/opt/libksba/lib -L/usr/local/opt/readline/lib -L/usr/local/opt/zlib/lib -L/usr/local/opt/openssl@1.1/lib -fstack-protector-strong -L/usr/local/lib -L/usr/local/Cellar/sqlite/3.36.0/lib    -lsqlite3 -ldl -lpthread  -lsqlite3 -lruby.3.0 -lsqlite3 -ldl -lpthread  -lsqlite3  "
conftest.c:14:57: error: use of undeclared identifier 'sqlite3_open_v2'
int t(void) { void ((*volatile p)()); p = (void ((*)()))sqlite3_open_v2; return !p; }
                                                        ^
1 error generated.
checked program was:
/* begin */
 1: #include "ruby.h"
 2: 
 3: /*top*/
 4: extern int t(void);
 5: int main(int argc, char **argv)
 6: {
 7:   if (argc > 1000000) {
 8:     int (* volatile tp)(void)=(int (*)(void))&t;
 9:     printf("%d", (*tp)());
10:   }
11: 
12:   return !!argv[argc];
13: }
14: int t(void) { void ((*volatile p)()); p = (void ((*)()))sqlite3_open_v2; return !p; }
/* end */

"gcc -fdeclspec -o conftest -I/Users/yannakoun/.rvm/rubies/ruby-3.0.0/include/ruby-3.0.0/x86_64-darwin18 -I/Users/yannakoun/.rvm/rubies/ruby-3.0.0/include/ruby-3.0.0/ruby/backward -I/Users/yannakoun/.rvm/rubies/ruby-3.0.0/include/ruby-3.0.0 -I. -I/usr/local/Cellar/sqlite/3.36.0/include -I/usr/local/opt/sqlite/include -D_XOPEN_SOURCE -D_DARWIN_C_SOURCE -D_DARWIN_UNLIMITED_SELECT -D_REENTRANT   -O3 -I/usr/local/opt/libyaml/include -I/usr/local/opt/libksba/include -I/usr/local/opt/readline/include -I/usr/local/opt/zlib/include -I/usr/local/opt/openssl@1.1/include -fno-common -pipe  conftest.c  -L. -L/Users/yannakoun/.rvm/rubies/ruby-3.0.0/lib -L/usr/local/opt/sqlite/lib -L. -L/usr/local/opt/libyaml/lib -L/usr/local/opt/libksba/lib -L/usr/local/opt/readline/lib -L/usr/local/opt/zlib/lib -L/usr/local/opt/openssl@1.1/lib -fstack-protector-strong -L/usr/local/lib -L/usr/local/Cellar/sqlite/3.36.0/lib    -lsqlite3 -ldl -lpthread  -lsqlite3 -lruby.3.0 -lsqlite3 -ldl -lpthread  -lsqlite3  "
checked program was:
/* begin */
 1: #include "ruby.h"
 2: 
 3: /*top*/
 4: extern int t(void);
 5: int main(int argc, char **argv)
 6: {
 7:   if (argc > 1000000) {
 8:     int (* volatile tp)(void)=(int (*)(void))&t;
 9:     printf("%d", (*tp)());
10:   }
11: 
12:   return !!argv[argc];
13: }
14: extern void sqlite3_open_v2();
15: int t(void) { sqlite3_open_v2(); return 0; }
/* end */

--------------------

have_func: checking for sqlite3_prepare_v2()... -------------------- yes

"gcc -fdeclspec -o conftest -I/Users/yannakoun/.rvm/rubies/ruby-3.0.0/include/ruby-3.0.0/x86_64-darwin18 -I/Users/yannakoun/.rvm/rubies/ruby-3.0.0/include/ruby-3.0.0/ruby/backward -I/Users/yannakoun/.rvm/rubies/ruby-3.0.0/include/ruby-3.0.0 -I. -I/usr/local/Cellar/sqlite/3.36.0/include -I/usr/local/opt/sqlite/include -D_XOPEN_SOURCE -D_DARWIN_C_SOURCE -D_DARWIN_UNLIMITED_SELECT -D_REENTRANT   -O3 -I/usr/local/opt/libyaml/include -I/usr/local/opt/libksba/include -I/usr/local/opt/readline/include -I/usr/local/opt/zlib/include -I/usr/local/opt/openssl@1.1/include -fno-common -pipe  conftest.c  -L. -L/Users/yannakoun/.rvm/rubies/ruby-3.0.0/lib -L/usr/local/opt/sqlite/lib -L. -L/usr/local/opt/libyaml/lib -L/usr/local/opt/libksba/lib -L/usr/local/opt/readline/lib -L/usr/local/opt/zlib/lib -L/usr/local/opt/openssl@1.1/lib -fstack-protector-strong -L/usr/local/lib -L/usr/local/Cellar/sqlite/3.36.0/lib    -lsqlite3 -ldl -lpthread  -lsqlite3 -lruby.3.0 -lsqlite3 -ldl -lpthread  -lsqlite3  "
conftest.c:14:57: error: use of undeclared identifier 'sqlite3_prepare_v2'
int t(void) { void ((*volatile p)()); p = (void ((*)()))sqlite3_prepare_v2; return !p; }
                                                        ^
1 error generated.
checked program was:
/* begin */
 1: #include "ruby.h"
 2: 
 3: /*top*/
 4: extern int t(void);
 5: int main(int argc, char **argv)
 6: {
 7:   if (argc > 1000000) {
 8:     int (* volatile tp)(void)=(int (*)(void))&t;
 9:     printf("%d", (*tp)());
10:   }
11: 
12:   return !!argv[argc];
13: }
14: int t(void) { void ((*volatile p)()); p = (void ((*)()))sqlite3_prepare_v2; return !p; }
/* end */

"gcc -fdeclspec -o conftest -I/Users/yannakoun/.rvm/rubies/ruby-3.0.0/include/ruby-3.0.0/x86_64-darwin18 -I/Users/yannakoun/.rvm/rubies/ruby-3.0.0/include/ruby-3.0.0/ruby/backward -I/Users/yannakoun/.rvm/rubies/ruby-3.0.0/include/ruby-3.0.0 -I. -I/usr/local/Cellar/sqlite/3.36.0/include -I/usr/local/opt/sqlite/include -D_XOPEN_SOURCE -D_DARWIN_C_SOURCE -D_DARWIN_UNLIMITED_SELECT -D_REENTRANT   -O3 -I/usr/local/opt/libyaml/include -I/usr/local/opt/libksba/include -I/usr/local/opt/readline/include -I/usr/local/opt/zlib/include -I/usr/local/opt/openssl@1.1/include -fno-common -pipe  conftest.c  -L. -L/Users/yannakoun/.rvm/rubies/ruby-3.0.0/lib -L/usr/local/opt/sqlite/lib -L. -L/usr/local/opt/libyaml/lib -L/usr/local/opt/libksba/lib -L/usr/local/opt/readline/lib -L/usr/local/opt/zlib/lib -L/usr/local/opt/openssl@1.1/lib -fstack-protector-strong -L/usr/local/lib -L/usr/local/Cellar/sqlite/3.36.0/lib    -lsqlite3 -ldl -lpthread  -lsqlite3 -lruby.3.0 -lsqlite3 -ldl -lpthread  -lsqlite3  "
checked program was:
/* begin */
 1: #include "ruby.h"
 2: 
 3: /*top*/
 4: extern int t(void);
 5: int main(int argc, char **argv)
 6: {
 7:   if (argc > 1000000) {
 8:     int (* volatile tp)(void)=(int (*)(void))&t;
 9:     printf("%d", (*tp)());
10:   }
11: 
12:   return !!argv[argc];
13: }
14: extern void sqlite3_prepare_v2();
15: int t(void) { sqlite3_prepare_v2(); return 0; }
/* end */

--------------------

have_type: checking for sqlite3_int64 in sqlite3.h... -------------------- yes

"gcc -fdeclspec -I/Users/yannakoun/.rvm/rubies/ruby-3.0.0/include/ruby-3.0.0/x86_64-darwin18 -I/Users/yannakoun/.rvm/rubies/ruby-3.0.0/include/ruby-3.0.0/ruby/backward -I/Users/yannakoun/.rvm/rubies/ruby-3.0.0/include/ruby-3.0.0 -I. -I/usr/local/Cellar/sqlite/3.36.0/include -I/usr/local/opt/sqlite/include -D_XOPEN_SOURCE -D_DARWIN_C_SOURCE -D_DARWIN_UNLIMITED_SELECT -D_REENTRANT   -O3 -I/usr/local/opt/libyaml/include -I/usr/local/opt/libksba/include -I/usr/local/opt/readline/include -I/usr/local/opt/zlib/include -I/usr/local/opt/openssl@1.1/include -fno-common -pipe    -c conftest.c"
checked program was:
/* begin */
1: #include "ruby.h"
2: 
3: #include <sqlite3.h>
4: 
5: /*top*/
6: typedef sqlite3_int64 conftest_type;
7: int conftestval[sizeof(conftest_type)?1:-1];
/* end */

--------------------

have_type: checking for sqlite3_uint64 in sqlite3.h... -------------------- yes

"gcc -fdeclspec -I/Users/yannakoun/.rvm/rubies/ruby-3.0.0/include/ruby-3.0.0/x86_64-darwin18 -I/Users/yannakoun/.rvm/rubies/ruby-3.0.0/include/ruby-3.0.0/ruby/backward -I/Users/yannakoun/.rvm/rubies/ruby-3.0.0/include/ruby-3.0.0 -I. -I/usr/local/Cellar/sqlite/3.36.0/include -I/usr/local/opt/sqlite/include -D_XOPEN_SOURCE -D_DARWIN_C_SOURCE -D_DARWIN_UNLIMITED_SELECT -D_REENTRANT   -O3 -I/usr/local/opt/libyaml/include -I/usr/local/opt/libksba/include -I/usr/local/opt/readline/include -I/usr/local/opt/zlib/include -I/usr/local/opt/openssl@1.1/include -fno-common -pipe    -c conftest.c"
checked program was:
/* begin */
1: #include "ruby.h"
2: 
3: #include <sqlite3.h>
4: 
5: /*top*/
6: typedef sqlite3_uint64 conftest_type;
7: int conftestval[sizeof(conftest_type)?1:-1];
/* end */

--------------------

